1510333785,0,"(DG_Thumb::initThumbs) Populating thumbnail cache."
1510333815,0,"(DG_Thumb::initThumbs) Populating thumbnail cache."
1510333815,0,"(DocumentGallery::doShortcode) Generation Time: 0.01 s"
1510333816,0,"(DG_Thumb::initThumbs) Populating thumbnail cache."
1510333816,0,"(DocumentGallery::doShortcode) Generation Time: 0.01 s"
1510333829,0,"(DG_Thumb::initThumbs) Populating thumbnail cache."
1510333848,0,"(DG_Thumb::initThumbs) Populating thumbnail cache."
1510333849,0,"(DocumentGallery::doShortcode) Generation Time: 0.21 s"
1510333859,0,"(DG_Thumb::initThumbs) Populating thumbnail cache."
1510333859,0,"(DocumentGallery::doShortcode) Generation Time: 0.01 s"
1510333860,0,"(DG_Thumb::initThumbs) Populating thumbnail cache."
1510333860,0,"(DocumentGallery::doShortcode) Generation Time: 0.01 s"
1510333909,0,"(DG_Thumb::initThumbs) Populating thumbnail cache."
1510333909,0,"(DocumentGallery::doShortcode) Generation Time: 0.01 s"
1510333911,0,"(DG_Thumb::initThumbs) Populating thumbnail cache."
1510333911,0,"(DG_Thumber::getThumbers) Générateurs de miniature :DG_AudioVideoThumber, DG_GhostscriptThumber"
1510333911,0,"(DG_Thumber->getThumbnail) Tentative de génération de la miniature pour le média #15 avec 'DG_GhostscriptThumber'"
1510333911,0,"(DG_GhostscriptThumber->getThumbnail) Executing: '/usr/bin/gs' -sDEVICE=png16m -dFirstPage=1 -dLastPage=1 -dBATCH -dNOPAUSE -dPDFFitPage -sOutputFile='/tmp/05fd5aaa1a82abb46828d3d0784da86d.png' '/homepages/30/d655283242/htdocs/wordpress/wp-content/uploads/2017/11/Diag_MdEF_Rhone_Socio_Eco2017_V2.pdf' 2>&1"
1510333912,0,"(DG_Thumber::thumbnailGenerationHarness) Creating thumb object."
1510333912,0,"(DG_Thumb->save) Saving thumb with post_id = 15"
1510333954,0,"(DG_Thumb::initThumbs) Populating thumbnail cache."
1510333954,0,"(DocumentGallery::doShortcode) Generation Time: 0.01 s"
1510333971,0,"(DG_Admin::validateSettings) Validating general-tab tab."
1510333971,0,"(DG_Thumb::initThumbs) Populating thumbnail cache."
1510333976,0,"(DG_Thumb::initThumbs) Populating thumbnail cache."
1510333976,0,"(DocumentGallery::doShortcode) Generation Time: 0.01 s"
1510333980,0,"(DG_Thumb::initThumbs) Populating thumbnail cache."
1510333980,0,"(DG_Thumber::getThumbers) Générateurs de miniature :DG_AudioVideoThumber, DG_GhostscriptThumber"
1510333980,0,"(DG_Thumber->getThumbnail) Tentative de génération de la miniature pour le média #15 avec 'DG_GhostscriptThumber'"
1510333980,0,"(DG_GhostscriptThumber->getThumbnail) Executing: '/usr/bin/gs' -sDEVICE=png16m -dFirstPage=1 -dLastPage=1 -dBATCH -dNOPAUSE -dPDFFitPage -sOutputFile='/tmp/744426adb60905da250f05d007ddf501.png' '/homepages/30/d655283242/htdocs/wordpress/wp-content/uploads/2017/11/Diag_MdEF_Rhone_Socio_Eco2017_V2.pdf' 2>&1"
1510333981,0,"(DG_Thumber::thumbnailGenerationHarness) Creating thumb object."
1510333981,0,"(DG_Thumb->save) Saving thumb with post_id = 15"
1510333990,0,"(DG_Thumb::initThumbs) Populating thumbnail cache."
1510334004,0,"(DG_Admin::validateSettings) Validating thumbnail-management-tab tab."
1510334004,0,"(DG_Thumb::initThumbs) Populating thumbnail cache."
1510334057,0,"(DG_Thumb::initThumbs) Populating thumbnail cache."
1510334057,0,"(DocumentGallery::doShortcode) Generation Time: 0.01 s"
1510334060,0,"(DG_Thumb::initThumbs) Populating thumbnail cache."
1510334060,0,"(DG_Thumber::getThumbers) Générateurs de miniature :DG_AudioVideoThumber, DG_GhostscriptThumber"
1510334060,0,"(DG_Thumber->getThumbnail) Tentative de génération de la miniature pour le média #15 avec 'DG_GhostscriptThumber'"
1510334060,0,"(DG_GhostscriptThumber->getThumbnail) Executing: '/usr/bin/gs' -sDEVICE=png16m -dFirstPage=1 -dLastPage=1 -dBATCH -dNOPAUSE -dPDFFitPage -sOutputFile='/tmp/bc851578fa590ea61ee7b0ccc3e8ddd1.png' '/homepages/30/d655283242/htdocs/wordpress/wp-content/uploads/2017/11/Diag_MdEF_Rhone_Socio_Eco2017_V2.pdf' 2>&1"
1510334061,0,"(DG_Thumber::thumbnailGenerationHarness) Creating thumb object."
1510334061,0,"(DG_Thumb->save) Saving thumb with post_id = 15"
1510334434,0,"(DG_Thumb::initThumbs) Populating thumbnail cache."
1510334434,0,"(DocumentGallery::doShortcode) Generation Time: 0.01 s"
